# JRE version: OpenJDK Runtime Environment Temurin-17.0.4.1+1 (17.0.4.1+1) (build 17.0.4.1+1)
# Java VM: OpenJDK 64-Bit Server VM Temurin-17.0.4.1+1 (17.0.4.1+1, mixed mode, emulated-client, sharing, tiered, compressed oops, compressed class ptrs, g1 gc, windows-amd64)
GC Precious Log:
 CPUs: 16 total, 16 available
 Memory: 15791M
 Large Page Support: Disabled
 NUMA Support: Disabled
 Compressed Oops: Enabled (Zero based)
 Heap Region Size: 2M
 Heap Min Capacity: 8M
 Heap Initial Capacity: 248M
 Heap Max Capacity: 3948M
 Pre-touch: Disabled
 Parallel Workers: 13
 Concurrent Workers: 3
 Concurrent Refinement Workers: 13
 Periodic GC: Disabled
Heap:
 garbage-first heap   total 81920K, used 37936K [0x0000000709400000, 0x0000000800000000)
  region size 2048K, 10 young (20480K), 3 survivors (6144K)
 Metaspace       used 65683K, committed 66304K, reserved 1105920K
  class space    used 9614K, committed 9920K, reserved 1048576K
GC Heap History (20 events):
Event: 3.055 GC heap before
{Heap before GC invocations=4 (full 0):
 garbage-first heap   total 55296K, used 39804K [0x0000000709400000, 0x0000000800000000)
  region size 2048K, 16 young (32768K), 3 survivors (6144K)
 Metaspace       used 24585K, committed 24960K, reserved 1073152K
  class space    used 3467K, committed 3648K, reserved 1048576K
}
Event: 3.062 GC heap after
{Heap after GC invocations=5 (full 0):
 garbage-first heap   total 55296K, used 15005K [0x0000000709400000, 0x0000000800000000)
  region size 2048K, 2 young (4096K), 2 survivors (4096K)
 Metaspace       used 24585K, committed 24960K, reserved 1073152K
  class space    used 3467K, committed 3648K, reserved 1048576K
}
Event: 3.105 GC heap before
{Heap before GC invocations=5 (full 0):
 garbage-first heap   total 55296K, used 17053K [0x0000000709400000, 0x0000000800000000)
  region size 2048K, 3 young (6144K), 2 survivors (4096K)
 Metaspace       used 24833K, committed 25280K, reserved 1073152K
  class space    used 3501K, committed 3712K, reserved 1048576K
}
Event: 3.112 GC heap after
{Heap after GC invocations=6 (full 0):
 garbage-first heap   total 55296K, used 15529K [0x0000000709400000, 0x0000000800000000)
  region size 2048K, 1 young (2048K), 1 survivors (2048K)
 Metaspace       used 24833K, committed 25280K, reserved 1073152K
  class space    used 3501K, committed 3712K, reserved 1048576K
}
Event: 3.516 GC heap before
{Heap before GC invocations=6 (full 0):
 garbage-first heap   total 55296K, used 33961K [0x0000000709400000, 0x0000000800000000)
  region size 2048K, 10 young (20480K), 1 survivors (2048K)
 Metaspace       used 27610K, committed 28032K, reserved 1081344K
  class space    used 3927K, committed 4096K, reserved 1048576K
}
Event: 3.522 GC heap after
{Heap after GC invocations=7 (full 0):
 garbage-first heap   total 55296K, used 16922K [0x0000000709400000, 0x0000000800000000)
  region size 2048K, 1 young (2048K), 1 survivors (2048K)
 Metaspace       used 27610K, committed 28032K, reserved 1081344K
  class space    used 3927K, committed 4096K, reserved 1048576K
}
Event: 3.930 GC heap before
{Heap before GC invocations=7 (full 0):
 garbage-first heap   total 55296K, used 33306K [0x0000000709400000, 0x0000000800000000)
  region size 2048K, 10 young (20480K), 1 survivors (2048K)
 Metaspace       used 30511K, committed 31040K, reserved 1081344K
  class space    used 4328K, committed 4608K, reserved 1048576K
}
Event: 3.933 GC heap after
{Heap after GC invocations=8 (full 0):
 garbage-first heap   total 155648K, used 18451K [0x0000000709400000, 0x0000000800000000)
  region size 2048K, 2 young (4096K), 2 survivors (4096K)
 Metaspace       used 30511K, committed 31040K, reserved 1081344K
  class space    used 4328K, committed 4608K, reserved 1048576K
}
Event: 4.342 GC heap before
{Heap before GC invocations=8 (full 0):
 garbage-first heap   total 155648K, used 36883K [0x0000000709400000, 0x0000000800000000)
  region size 2048K, 12 young (24576K), 2 survivors (4096K)
 Metaspace       used 35633K, committed 36096K, reserved 1081344K
  class space    used 4882K, committed 5120K, reserved 1048576K
}
Event: 4.346 GC heap after
{Heap after GC invocations=9 (full 0):
 garbage-first heap   total 155648K, used 19926K [0x0000000709400000, 0x0000000800000000)
  region size 2048K, 3 young (6144K), 3 survivors (6144K)
 Metaspace       used 35633K, committed 36096K, reserved 1081344K
  class space    used 4882K, committed 5120K, reserved 1048576K
}
Event: 5.279 GC heap before
{Heap before GC invocations=10 (full 0):
 garbage-first heap   total 81920K, used 62934K [0x0000000709400000, 0x0000000800000000)
  region size 2048K, 24 young (49152K), 3 survivors (6144K)
 Metaspace       used 43612K, committed 44096K, reserved 1089536K
  class space    used 6324K, committed 6528K, reserved 1048576K
}
Event: 5.284 GC heap after
{Heap after GC invocations=11 (full 0):
 garbage-first heap   total 81920K, used 22374K [0x0000000709400000, 0x0000000800000000)
  region size 2048K, 3 young (6144K), 3 survivors (6144K)
 Metaspace       used 43612K, committed 44096K, reserved 1089536K
  class space    used 6324K, committed 6528K, reserved 1048576K
}
Event: 5.330 GC heap before
{Heap before GC invocations=11 (full 0):
 garbage-first heap   total 81920K, used 24422K [0x0000000709400000, 0x0000000800000000)
  region size 2048K, 4 young (8192K), 3 survivors (6144K)
 Metaspace       used 44139K, committed 44608K, reserved 1089536K
  class space    used 6388K, committed 6592K, reserved 1048576K
}
Event: 5.334 GC heap after
{Heap after GC invocations=12 (full 0):
 garbage-first heap   total 81920K, used 22488K [0x0000000709400000, 0x0000000800000000)
  region size 2048K, 1 young (2048K), 1 survivors (2048K)
 Metaspace       used 44139K, committed 44608K, reserved 1089536K
  class space    used 6388K, committed 6592K, reserved 1048576K
}
Event: 6.080 GC heap before
{Heap before GC invocations=12 (full 0):
 garbage-first heap   total 81920K, used 59352K [0x0000000709400000, 0x0000000800000000)
  region size 2048K, 19 young (38912K), 1 survivors (2048K)
 Metaspace       used 52706K, committed 53184K, reserved 1097728K
  class space    used 7522K, committed 7744K, reserved 1048576K
}
Event: 6.082 GC heap after
{Heap after GC invocations=13 (full 0):
 garbage-first heap   total 81920K, used 23148K [0x0000000709400000, 0x0000000800000000)
  region size 2048K, 1 young (2048K), 1 survivors (2048K)
 Metaspace       used 52706K, committed 53184K, reserved 1097728K
  class space    used 7522K, committed 7744K, reserved 1048576K
}
Event: 6.772 GC heap before
{Heap before GC invocations=13 (full 0):
 garbage-first heap   total 81920K, used 51820K [0x0000000709400000, 0x0000000800000000)
  region size 2048K, 16 young (32768K), 1 survivors (2048K)
 Metaspace       used 59831K, committed 60416K, reserved 1105920K
  class space    used 8741K, committed 9024K, reserved 1048576K
}
Event: 6.775 GC heap after
{Heap after GC invocations=14 (full 0):
 garbage-first heap   total 81920K, used 24020K [0x0000000709400000, 0x0000000800000000)
  region size 2048K, 2 young (4096K), 2 survivors (4096K)
 Metaspace       used 59831K, committed 60416K, reserved 1105920K
  class space    used 8741K, committed 9024K, reserved 1048576K
}
Event: 31.371 GC heap before
{Heap before GC invocations=15 (full 0):
 garbage-first heap   total 81920K, used 62932K [0x0000000709400000, 0x0000000800000000)
  region size 2048K, 21 young (43008K), 2 survivors (4096K)
 Metaspace       used 65056K, committed 65728K, reserved 1105920K
  class space    used 9547K, committed 9856K, reserved 1048576K
}
Event: 31.376 GC heap after
{Heap after GC invocations=16 (full 0):
 garbage-first heap   total 81920K, used 27696K [0x0000000709400000, 0x0000000800000000)
  region size 2048K, 3 young (6144K), 3 survivors (6144K)
 Metaspace       used 65056K, committed 65728K, reserved 1105920K
  class space    used 9547K, committed 9856K, reserved 1048576K
}

